app/manifest-merger-release-report.txt
-- Merging decision tree log ---
manifest
ADDED from AndroidManifest.xml:2:1
	xmlns:android
		ADDED from AndroidManifest.xml:2:11
	package
		ADDED from AndroidManifest.xml:3:5
		INJECTED from AndroidManifest.xml:0:0
		INJECTED from AndroidManifest.xml:0:0
	android:versionName
		INJECTED from AndroidManifest.xml:0:0
		INJECTED from AndroidManifest.xml:0:0
	android:versionCode
		INJECTED from AndroidManifest.xml:0:0
		INJECTED from AndroidManifest.xml:0:0
application
ADDED from AndroidManifest.xml:5:5
MERGED from com.android.support:support-v4:21.0.0:16:5
MERGED from com.embarkmobile:zxing-android-minimal:1.2.1:43:3
MERGED from com.crashlytics.sdk.android:crashlytics:2.0.1:13:5
MERGED from com.crashlytics.sdk.android:answers:1.0.1:11:5
MERGED from io.fabric.sdk.android:fabric:1.0.1:11:5
MERGED from io.fabric.sdk.android:fabric:1.0.1:11:5
MERGED from com.crashlytics.sdk.android:beta:1.0.1:11:5
MERGED from io.fabric.sdk.android:fabric:1.0.1:11:5
MERGED from com.google.android.gms:play-services:6.5.87:20:5
MERGED from com.android.support:support-v4:21.0.0:16:5
	android:label
		ADDED from AndroidManifest.xml:9:9
	android:allowBackup
		ADDED from AndroidManifest.xml:7:9
	android:icon
		ADDED from AndroidManifest.xml:8:9
	android:theme
		ADDED from AndroidManifest.xml:10:9
	android:name
		ADDED from AndroidManifest.xml:6:9
activity#com.dallassuites.dallassuites.Home
ADDED from AndroidManifest.xml:13:9
	android:screenOrientation
		ADDED from AndroidManifest.xml:16:13
	android:label
		ADDED from AndroidManifest.xml:15:13
	android:name
		ADDED from AndroidManifest.xml:14:13
intent-filter#android.intent.action.MAIN+android.intent.category.LAUNCHER
ADDED from AndroidManifest.xml:17:13
action#android.intent.action.MAIN
ADDED from AndroidManifest.xml:18:17
	android:name
		ADDED from AndroidManifest.xml:18:25
category#android.intent.category.LAUNCHER
ADDED from AndroidManifest.xml:20:17
	android:name
		ADDED from AndroidManifest.xml:20:27
activity#com.dallassuites.dallassuites.Rooms
ADDED from AndroidManifest.xml:24:9
	android:screenOrientation
		ADDED from AndroidManifest.xml:24:41
	android:name
		ADDED from AndroidManifest.xml:24:19
activity#com.dallassuites.dallassuites.Services
ADDED from AndroidManifest.xml:25:9
	android:screenOrientation
		ADDED from AndroidManifest.xml:25:44
	android:name
		ADDED from AndroidManifest.xml:25:19
activity#com.dallassuites.dallassuites.Profile
ADDED from AndroidManifest.xml:26:9
	android:screenOrientation
		ADDED from AndroidManifest.xml:26:43
	android:name
		ADDED from AndroidManifest.xml:26:19
activity#com.dallassuites.dallassuites.Register
ADDED from AndroidManifest.xml:27:9
	android:screenOrientation
		ADDED from AndroidManifest.xml:27:44
	android:name
		ADDED from AndroidManifest.xml:27:19
activity#com.dallassuites.dallassuites.Dallas_Popup
ADDED from AndroidManifest.xml:28:9
	android:screenOrientation
		ADDED from AndroidManifest.xml:28:48
	android:theme
		ADDED from AndroidManifest.xml:28:85
	android:name
		ADDED from AndroidManifest.xml:28:19
activity#com.dallassuites.dallassuites.Restaurant
ADDED from AndroidManifest.xml:29:9
	android:screenOrientation
		ADDED from AndroidManifest.xml:29:46
	android:name
		ADDED from AndroidManifest.xml:29:19
activity#com.dallassuites.dallassuites.RoomDetail
ADDED from AndroidManifest.xml:30:9
	android:screenOrientation
		ADDED from AndroidManifest.xml:30:46
	android:hardwareAccelerated
		ADDED from AndroidManifest.xml:30:83
	android:name
		ADDED from AndroidManifest.xml:30:19
activity#com.dallassuites.dallassuites.Edit
ADDED from AndroidManifest.xml:31:9
	android:screenOrientation
		ADDED from AndroidManifest.xml:31:40
	android:name
		ADDED from AndroidManifest.xml:31:19
activity#com.dallassuites.dallassuites.Login
ADDED from AndroidManifest.xml:32:9
	android:screenOrientation
		ADDED from AndroidManifest.xml:32:41
	android:name
		ADDED from AndroidManifest.xml:32:19
activity#com.dallassuites.dallassuites.RestaurantDetail
ADDED from AndroidManifest.xml:33:9
	android:screenOrientation
		ADDED from AndroidManifest.xml:33:52
	android:name
		ADDED from AndroidManifest.xml:33:19
activity#com.dallassuites.dallassuites.DOBPopup
ADDED from AndroidManifest.xml:34:9
	android:screenOrientation
		ADDED from AndroidManifest.xml:34:44
	android:theme
		ADDED from AndroidManifest.xml:34:81
	android:name
		ADDED from AndroidManifest.xml:34:19
activity#com.dallassuites.dallassuites.RetrievePassword
ADDED from AndroidManifest.xml:35:9
	android:screenOrientation
		ADDED from AndroidManifest.xml:35:52
	android:name
		ADDED from AndroidManifest.xml:35:19
activity#com.dallassuites.dallassuites.NewPasswordPopup
ADDED from AndroidManifest.xml:36:9
	android:screenOrientation
		ADDED from AndroidManifest.xml:36:52
	android:theme
		ADDED from AndroidManifest.xml:36:89
	android:name
		ADDED from AndroidManifest.xml:36:19
activity#com.dallassuites.dallassuites.QRCode
ADDED from AndroidManifest.xml:37:9
	android:screenOrientation
		ADDED from AndroidManifest.xml:37:42
	android:name
		ADDED from AndroidManifest.xml:37:19
activity#com.dallassuites.dallassuites.Room360
ADDED from AndroidManifest.xml:38:9
	android:screenOrientation
		ADDED from AndroidManifest.xml:38:43
	android:name
		ADDED from AndroidManifest.xml:38:19
activity#com.dallassuites.dallassuites.Tutorial
ADDED from AndroidManifest.xml:39:9
	android:screenOrientation
		ADDED from AndroidManifest.xml:39:44
	android:name
		ADDED from AndroidManifest.xml:39:19
meta-data#com.crashlytics.ApiKey
ADDED from AndroidManifest.xml:40:9
	android:name
		ADDED from AndroidManifest.xml:40:20
	android:value
		ADDED from AndroidManifest.xml:40:58
uses-permission#android.permission.INTERNET
ADDED from AndroidManifest.xml:45:5
MERGED from com.crashlytics.sdk.android:crashlytics:2.0.1:11:5
	android:name
		ADDED from AndroidManifest.xml:45:22
uses-sdk
INJECTED from AndroidManifest.xml:0:0 reason: use-sdk injection requested
MERGED from com.android.support:support-v4:21.0.0:15:5
MERGED from com.embarkmobile:zxing-android-minimal:1.2.1:23:3
MERGED from com.crashlytics.sdk.android:crashlytics:2.0.1:7:5
MERGED from com.crashlytics.sdk.android:answers:1.0.1:7:5
MERGED from io.fabric.sdk.android:fabric:1.0.1:7:5
MERGED from io.fabric.sdk.android:fabric:1.0.1:7:5
MERGED from com.crashlytics.sdk.android:beta:1.0.1:7:5
MERGED from io.fabric.sdk.android:fabric:1.0.1:7:5
MERGED from com.google.android.gms:play-services:6.5.87:18:5
MERGED from com.android.support:support-v4:21.0.0:15:5
	android:targetSdkVersion
		INJECTED from AndroidManifest.xml:0:0
		INJECTED from AndroidManifest.xml:0:0
	android:minSdkVersion
		INJECTED from AndroidManifest.xml:0:0
		INJECTED from AndroidManifest.xml:0:0
uses-permission#android.permission.CAMERA
ADDED from com.embarkmobile:zxing-android-minimal:1.2.1:19:3
	android:name
		ADDED from com.embarkmobile:zxing-android-minimal:1.2.1:19:20
uses-permission#android.permission.VIBRATE
ADDED from com.embarkmobile:zxing-android-minimal:1.2.1:20:3
	android:name
		ADDED from com.embarkmobile:zxing-android-minimal:1.2.1:20:20
uses-permission#android.permission.FLASHLIGHT
ADDED from com.embarkmobile:zxing-android-minimal:1.2.1:21:3
	android:name
		ADDED from com.embarkmobile:zxing-android-minimal:1.2.1:21:20
uses-feature#android.hardware.camera
ADDED from com.embarkmobile:zxing-android-minimal:1.2.1:26:3
	android:required
		ADDED from com.embarkmobile:zxing-android-minimal:1.2.1:26:56
	android:name
		ADDED from com.embarkmobile:zxing-android-minimal:1.2.1:26:17
uses-feature#android.hardware.camera.front
ADDED from com.embarkmobile:zxing-android-minimal:1.2.1:27:3
	android:required
		ADDED from com.embarkmobile:zxing-android-minimal:1.2.1:27:62
	android:name
		ADDED from com.embarkmobile:zxing-android-minimal:1.2.1:27:17
uses-feature#android.hardware.camera.autofocus
ADDED from com.embarkmobile:zxing-android-minimal:1.2.1:30:3
	android:required
		ADDED from com.embarkmobile:zxing-android-minimal:1.2.1:30:66
	android:name
		ADDED from com.embarkmobile:zxing-android-minimal:1.2.1:30:17
uses-feature#android.hardware.camera.flash
ADDED from com.embarkmobile:zxing-android-minimal:1.2.1:31:3
	android:required
		ADDED from com.embarkmobile:zxing-android-minimal:1.2.1:31:62
	android:name
		ADDED from com.embarkmobile:zxing-android-minimal:1.2.1:31:17
uses-feature#android.hardware.screen.landscape
ADDED from com.embarkmobile:zxing-android-minimal:1.2.1:32:3
	android:required
		ADDED from com.embarkmobile:zxing-android-minimal:1.2.1:32:66
	android:name
		ADDED from com.embarkmobile:zxing-android-minimal:1.2.1:32:17
uses-feature#android.hardware.wifi
ADDED from com.embarkmobile:zxing-android-minimal:1.2.1:33:3
	android:required
		ADDED from com.embarkmobile:zxing-android-minimal:1.2.1:33:54
	android:name
		ADDED from com.embarkmobile:zxing-android-minimal:1.2.1:33:17
supports-screens
ADDED from com.embarkmobile:zxing-android-minimal:1.2.1:37:3
	android:largeScreens
		ADDED from com.embarkmobile:zxing-android-minimal:1.2.1:38:21
	android:anyDensity
		ADDED from com.embarkmobile:zxing-android-minimal:1.2.1:41:21
	android:normalScreens
		ADDED from com.embarkmobile:zxing-android-minimal:1.2.1:39:21
	android:xlargeScreens
		ADDED from com.embarkmobile:zxing-android-minimal:1.2.1:37:21
	android:smallScreens
		ADDED from com.embarkmobile:zxing-android-minimal:1.2.1:40:21
activity#com.google.zxing.client.android.CaptureActivity
ADDED from com.embarkmobile:zxing-android-minimal:1.2.1:44:7
	android:windowSoftInputMode
		ADDED from com.embarkmobile:zxing-android-minimal:1.2.1:44:291
	android:screenOrientation
		ADDED from com.embarkmobile:zxing-android-minimal:1.2.1:44:164
	android:configChanges
		ADDED from com.embarkmobile:zxing-android-minimal:1.2.1:44:50
	android:theme
		ADDED from com.embarkmobile:zxing-android-minimal:1.2.1:44:232
	android:stateNotNeeded
		ADDED from com.embarkmobile:zxing-android-minimal:1.2.1:44:202
	android:clearTaskOnLaunch
		ADDED from com.embarkmobile:zxing-android-minimal:1.2.1:44:17
	android:name
		ADDED from com.embarkmobile:zxing-android-minimal:1.2.1:44:101
activity#com.google.zxing.client.android.HelpActivity
ADDED from com.embarkmobile:zxing-android-minimal:1.2.1:45:7
	android:screenOrientation
		ADDED from com.embarkmobile:zxing-android-minimal:1.2.1:45:77
	android:name
		ADDED from com.embarkmobile:zxing-android-minimal:1.2.1:45:17
meta-data#com.google.android.gms.version
ADDED from com.google.android.gms:play-services:6.5.87:21:9
	android:name
		ADDED from com.google.android.gms:play-services:6.5.87:22:13
	android:value
		ADDED from com.google.android.gms:play-services:6.5.87:23:13